<?xml version="1.0" encoding="UTF-8"?>
<testsuite name="memory.MemoryFinderTest" tests="1" skipped="0" failures="0" errors="0" timestamp="2023-04-10T19:52:08" hostname="DESKTOP-NH652OJ" time="0.127">
  <properties/>
  <testcase name="get()" classname="memory.MemoryFinderTest" time="0.127"/>
  <system-out><![CDATA[]]></system-out>
  <system-err><![CDATA[]]></system-err>
</testsuite>
